<?xml version="1.0" encoding="UTF-8"?>
<testsuite xmlns:xsi="http://www.w3.org/2001/XMLSchema-instance" xsi:noNamespaceSchemaLocation="https://maven.apache.org/surefire/maven-surefire-plugin/xsd/surefire-test-report.xsd" version="3.0.2" name="com.itheima.springbootprofiles.SpringbootProfilesApplicationTests" time="3.028" tests="1" errors="0" skipped="0" failures="0">
  <properties>
[...]
</properties>
  <testcase name="contextLoads" classname="com.itheima.springbootprofiles.SpringbootProfilesApplicationTests" time="0.791">
    <system-out><![CDATA[12:40:02.590 [main] INFO org.springframework.test.context.support.AnnotationConfigContextLoaderUtils -- Could not detect default configuration classes for test class [com.itheima.springbootprofiles.SpringbootProfilesApplicationTests]: SpringbootProfilesApplicationTests does not declare any static, non-private, non-final, nested classes annotated with @Configuration.
12:40:02.693 [main] INFO org.springframework.boot.test.context.SpringBootTestContextBootstrapper -- Found @SpringBootConfiguration com.itheima.springbootprofiles.SpringbootProfilesApplication for test class com.itheima.springbootprofiles.SpringbootProfilesApplicationTests

  .   ____          _            __ _ _
 /\\ / ___'_ __ _ _(_)_ __  __ _ \ \ \ \
( ( )\___ | '_ | '_| | '_ \/ _` | \ \ \ \
 \\/  ___)| |_)| | | | | || (_| |  ) ) ) )
  '  |____| .__|_| |_|_| |_\__, | / / / /
 =========|_|==============|___/=/_/_/_/

 :: Spring Boot ::                (v3.4.4)

2025-04-11T12:40:03.208+08:00  INFO 15024 --- [           main] c.i.s.SpringbootProfilesApplicationTests : Starting SpringbootProfilesApplicationTests using Java 17.0.10 with PID 15024 (started by Xi1 in C:\Users\Xi1\IdeaProjects\springboot-profiles)
2025-04-11T12:40:03.209+08:00  INFO 15024 --- [           main] c.i.s.SpringbootProfilesApplicationTests : The following 1 profile is active: "pro"
2025-04-11T12:40:04.672+08:00  INFO 15024 --- [           main] c.i.s.SpringbootProfilesApplicationTests : Started SpringbootProfilesApplicationTests in 1.816 seconds (process running for 2.661)
]]></system-out>
  </testcase>
</testsuite>